[21/12/2024 09:31:00] /m Simisear
[21/12/2024 09:31:11] /t
[21/12/2024 09:31:25] /c lucas]]
[21/12/2024 09:31:27] /c lucas
[21/12/2024 10:19:00] /m belossom
[21/12/2024 10:19:08] /m gloom
[21/12/2024 10:19:09] /m gloom
[21/12/2024 10:19:09] /m gloom
[21/12/2024 10:19:10] /m gloom
[21/12/2024 10:19:10] /m gloom
[21/12/2024 10:19:10] /m gloom
[21/12/2024 10:19:44] /i fire stone
[21/12/2024 16:06:53] /m gloom
[21/12/2024 16:06:55] /m gloom
[21/12/2024 16:39:08] /m charizard
[21/12/2024 16:59:08] /i 11954
[21/12/2024 18:20:01] /i seed
[21/12/2024 20:08:40] /i 12330
[21/12/2024 21:02:21] /i 12330
[23/12/2024 19:14:17] /i remains of magikarp
[23/12/2024 19:14:54] /i bag of pollem, 1
[23/12/2024 19:15:10] /i fur, 1
[23/12/2024 19:16:45] /i /i 12181,1
[23/12/2024 19:16:50] /i 12181,1
[23/12/2024 19:25:01] /i 12181,1
[23/12/2024 19:25:02] /i 12175
[23/12/2024 19:27:49] /i 12286
[23/12/2024 19:39:21] /i venom pendant
[23/12/2024 19:42:41] /i darkness gem,1
[23/12/2024 19:44:50] /i poisonous dust,1
[23/12/2024 19:45:17] /i 12240,1
[23/12/2024 19:46:16] /i 2160
[23/12/2024 19:47:20] /i 2160
[23/12/2024 21:09:16] /m oddish
[23/12/2024 21:09:22] /m oddish
[23/12/2024 21:09:22] /m oddish
[23/12/2024 21:09:22] /m oddish
[23/12/2024 21:09:23] /m oddish
[23/12/2024 21:09:23] /m oddish
[23/12/2024 21:09:23] /m oddish
[23/12/2024 21:09:23] /m oddish
[23/12/2024 21:09:23] /m oddish
[23/12/2024 21:09:32] /a 2
[23/12/2024 21:09:35] /m oddish
[23/12/2024 21:09:36] /m oddish
[23/12/2024 21:09:37] /m oddish
[23/12/2024 21:09:37] /m oddish
[23/12/2024 21:09:38] /m oddish
[23/12/2024 21:09:38] /m oddish
[23/12/2024 21:09:39] /m oddish
[23/12/2024 21:09:39] /m oddish
[23/12/2024 21:09:40] /m oddish
[23/12/2024 21:09:41] /m oddish
[23/12/2024 21:09:41] /m oddish
[23/12/2024 21:09:42] /m oddish
[23/12/2024 21:09:42] /m oddish
[23/12/2024 21:09:43] /m oddish
[23/12/2024 21:09:44] /m oddish
[23/12/2024 21:09:45] /m oddish
[23/12/2024 21:09:45] /m oddish
[23/12/2024 21:34:39] /i 7732
[23/12/2024 21:38:04] /i 12162
[23/12/2024 21:39:48] /i eletrick box
[23/12/2024 21:39:58] /i eletric box
[23/12/2024 21:40:32] /i bug gosme
[23/12/2024 21:41:22] /reload npc
[23/12/2024 21:42:18] /reload npc
[23/12/2024 21:43:05] /reload npc
[23/12/2024 21:44:52] /i pair of leaves
[23/12/2024 21:46:02] /i 2160
[23/12/2024 21:46:54] /i 12163
[23/12/2024 21:47:14] /reload npc
[23/12/2024 21:56:27] /reload npc
[23/12/2024 21:59:15] /reload npc
[23/12/2024 22:19:46] /i seed 
[26/12/2024 17:25:21] /i 20559
[26/12/2024 17:26:01] /i 20559
[26/12/2024 17:26:23] /addskill Luquiinhas,level,50
[26/12/2024 17:54:31] /i 11989
[27/12/2024 09:19:08] /i 11826
[27/12/2024 09:19:54] /i 11827
[27/12/2024 09:20:18] /i 11828
[27/12/2024 09:35:28] /goto bulbassaur
[27/12/2024 09:35:39] /m bulbasaur
[27/12/2024 09:35:48] /goto bulbasaur
[27/12/2024 09:44:41] /i megaball
[27/12/2024 09:44:43] /i megaballs
[27/12/2024 09:45:09] /i 2160
[27/12/2024 09:46:35] /i 14299
[27/12/2024 20:12:58] /i 2160
[27/12/2024 20:14:11] /i 2160
[27/12/2024 20:14:14] /i 2160
[27/12/2024 20:14:18] /i 2160
[27/12/2024 20:14:22] /i 2160
[27/12/2024 20:14:25] /i 2160]
[27/12/2024 20:14:27] /i 2160]
[27/12/2024 20:14:29] /i 2160
[27/12/2024 20:14:32] /i 2160
[27/12/2024 20:14:35] /i 2160
[27/12/2024 20:14:38] /i 2160
[27/12/2024 20:14:48] /i 2160
[27/12/2024 20:14:51] /i 2160
[27/12/2024 20:14:53] /i 2160
[27/12/2024 20:14:56] /i 2160
[27/12/2024 20:14:58] /i 2160
[27/12/2024 20:15:07] /c lucas
[27/12/2024 20:17:06] /i 2160
[27/12/2024 20:17:07] /i 2160
[27/12/2024 20:17:13] /i 2160
[27/12/2024 20:17:13] /i 2160
[27/12/2024 20:17:14] /i 2160
[27/12/2024 20:17:20] /i 2160
[27/12/2024 20:17:22] /i 2160
[27/12/2024 20:22:48] /town cinnabar
[27/12/2024 20:22:52] /town cinabar
[27/12/2024 20:22:56] /town 1
[27/12/2024 20:22:57] /town 2
[27/12/2024 20:22:59] /town 3
[27/12/2024 20:23:02] /town 4
[27/12/2024 20:23:04] /town 5
[27/12/2024 20:23:05] /town 6
[27/12/2024 20:23:06] /town 7
[27/12/2024 20:23:07] /town 8
[27/12/2024 20:23:08] /town 9
[27/12/2024 20:23:09] /town 10
[27/12/2024 20:23:12] /town 11
[27/12/2024 20:23:14] /town 12
[27/12/2024 20:23:16] /town 13
[27/12/2024 20:23:17] /town 14
[27/12/2024 20:23:18] /town 15
[27/12/2024 20:23:19] /town 16
[27/12/2024 20:23:20] /town 17
[27/12/2024 20:23:21] /town 18
[27/12/2024 20:23:22] /town 19
[27/12/2024 20:23:23] /town 20
[27/12/2024 20:23:25] /town 21
[27/12/2024 20:23:27] /town 22
[27/12/2024 20:23:28] /town 23
[27/12/2024 20:23:29] /town 24
[27/12/2024 20:23:30] /town 25
[27/12/2024 20:23:31] /town 26
[27/12/2024 20:23:32] /town 27
[27/12/2024 20:23:34] /town 28
[27/12/2024 20:23:35] /town 29
[27/12/2024 20:23:36] /town 30
[27/12/2024 20:23:38] /town 31
[27/12/2024 20:23:39] /town 32
[27/12/2024 20:23:40] /town 33
[27/12/2024 20:23:41] /town 34
[27/12/2024 20:23:42] /town 35
[27/12/2024 20:23:43] /town 36
[27/12/2024 20:23:44] /town 37
[27/12/2024 20:23:44] /town 38
[27/12/2024 20:23:45] /town 39
[27/12/2024 20:23:46] /town 40
[27/12/2024 20:23:50] /goto lucas
[31/12/2024 12:11:20] /addskill luquiiinhas,level, 500
[31/12/2024 12:11:35] /addskill luquiinhas,level, 500
[31/12/2024 12:11:43] /ghost
[31/12/2024 12:11:44] /ghost
[31/12/2024 12:12:24] /m venosaur
[31/12/2024 12:12:32] /m venousaur
[31/12/2024 12:12:35] /m venusaur
[31/12/2024 12:12:37] /m venusaur
[31/12/2024 12:12:37] /m venusaur
[31/12/2024 12:12:38] /m venusaur
[31/12/2024 12:12:38] /m venusaur
[31/12/2024 12:12:38] /m venusaur
[31/12/2024 12:12:39] /m venusaur
[31/12/2024 12:12:39] /m venusaur
[31/12/2024 12:12:39] /m venusaur
[31/12/2024 12:12:40] /m venusaur
[31/12/2024 12:12:40] /m venusaur
[31/12/2024 12:13:16] /i reviver
[31/12/2024 12:13:39] /i 2160
[31/12/2024 12:16:20] /i ultraball
[31/12/2024 12:16:41] /reload config
[31/12/2024 12:16:52] /m venusaur
[31/12/2024 12:29:10] /i earth stone
[31/12/2024 12:30:13] /reload creaturescript
[31/12/2024 12:30:26] /reload creaturescript
[31/12/2024 12:48:36] /m meganium
[31/12/2024 12:48:47] /m magmar
[31/12/2024 12:48:48] /m magmar
[31/12/2024 12:48:48] /m magmar
[31/12/2024 12:48:49] /m magmar
[31/12/2024 12:48:49] /m magmar
[31/12/2024 12:48:50] /m magmar
[31/12/2024 12:48:52] /m magmar
[31/12/2024 12:48:53] /m magmar
[31/12/2024 12:48:55] /m magmar
[31/12/2024 12:48:55] /m magmar
[31/12/2024 12:48:55] /m magmar
[31/12/2024 12:49:18] /addskill luquiinhas, 1000
[31/12/2024 12:49:35] /addskill luquiinhas, level 1000
[31/12/2024 12:49:47] /addskill luquiinhas,level,1000
[31/12/2024 13:57:15] /i pokeball
[31/12/2024 13:57:17] /i pokeball
[31/12/2024 13:58:30] /m magmar
[31/12/2024 13:58:30] /m magmar
[31/12/2024 13:58:31] /m magmar
[31/12/2024 13:58:31] /m magmar
[31/12/2024 13:58:31] /m magmar
[31/12/2024 13:58:32] /m magmar
[31/12/2024 13:58:32] /m magmar
[31/12/2024 13:58:35] /m magmar
[31/12/2024 13:58:36] /m magmar
[31/12/2024 13:58:36] /m magmar
[31/12/2024 13:58:36] /m magmar
[31/12/2024 13:58:39] /m magmar
[31/12/2024 13:58:42] /a 2
[31/12/2024 13:58:45] /m magmar
[31/12/2024 13:58:45] /m magmar
[31/12/2024 13:58:48] /m magmar
[31/12/2024 13:58:48] /m magmar
[31/12/2024 13:58:49] /m magmar
[31/12/2024 13:58:50] /m magmar
[31/12/2024 13:58:50] /m magmar
[31/12/2024 13:58:51] /m magmar
[31/12/2024 13:58:52] /m magmar
[31/12/2024 13:58:52] /m magmar
[31/12/2024 13:58:52] /m magmar
[31/12/2024 13:58:53] /m magmar
[31/12/2024 13:58:53] /m magmar
[31/12/2024 13:58:55] /m magmar
[31/12/2024 13:58:55] /m magmar
[31/12/2024 13:58:56] /m magmar
[31/12/2024 13:58:56] /m magmar
[31/12/2024 13:58:56] /m magmar
[31/12/2024 13:58:58] /m magmar
[31/12/2024 13:58:59] /m magmar
[31/12/2024 13:58:59] /m magmar
[31/12/2024 13:58:59] /m magmar
[31/12/2024 13:59:00] /m magmar
[31/12/2024 13:59:00] /m magmar
[31/12/2024 13:59:03] /m magmar
[31/12/2024 13:59:03] /m magmar
[31/12/2024 13:59:03] /m magmar
[31/12/2024 13:59:04] /m magmar
[31/12/2024 13:59:04] /m magmar
[31/12/2024 13:59:07] /m magmar
[31/12/2024 13:59:07] /m magmar
[31/12/2024 13:59:07] /m magmar
[31/12/2024 13:59:08] /m magmar
[31/12/2024 13:59:08] /m magmar
[31/12/2024 14:08:25] /m magmar
[31/12/2024 14:08:25] /m magmar
[31/12/2024 14:08:27] /m magmar
[31/12/2024 14:08:27] /m magmar
[31/12/2024 14:08:27] /m magmar
[31/12/2024 14:08:28] /m magmar
[31/12/2024 14:08:30] /m magmar
[31/12/2024 14:08:31] /m magmar
[31/12/2024 14:08:31] /m magmar
[31/12/2024 14:08:31] /m magmar
[31/12/2024 14:08:32] /m magmar
[31/12/2024 14:08:32] /m magmar
[31/12/2024 14:08:35] /m magmar
[31/12/2024 14:08:35] /m magmar
[31/12/2024 14:08:36] /m magmar
[31/12/2024 14:08:36] /m magmar
[31/12/2024 14:08:36] /m magmar
[31/12/2024 14:08:37] /m magmar
[31/12/2024 14:08:40] /m magmar
[31/12/2024 14:08:40] /m magmar
[31/12/2024 14:08:41] /m magmar
[31/12/2024 14:08:41] /m magmar
[31/12/2024 14:08:48] /m magmar
[31/12/2024 14:08:48] /m magmar
[31/12/2024 14:08:48] /m magmar
[31/12/2024 14:08:49] /m magmar
[31/12/2024 14:08:49] /m magmar
[31/12/2024 14:17:25] /m magmar
[31/12/2024 14:17:26] /m magmar
[31/12/2024 14:17:26] /m magmar
[31/12/2024 14:17:27] /m magmar
[31/12/2024 14:17:27] /m magmar
[31/12/2024 14:17:30] /m magmar
[31/12/2024 14:17:31] /m magmar
[31/12/2024 14:17:31] /m magmar
[31/12/2024 14:17:31] /m magmar
[31/12/2024 14:17:32] /m magmar
[31/12/2024 14:17:32] /m magmar
[31/12/2024 14:17:39] /m magmar
[31/12/2024 14:17:40] /m magmar
[31/12/2024 14:17:40] /m magmar
[31/12/2024 14:17:40] /m magmar
[31/12/2024 14:17:41] /m magmar
[31/12/2024 14:17:41] /m magmar
[31/12/2024 14:17:43] /m magmar
[31/12/2024 14:17:44] /m magmar
[31/12/2024 14:17:44] /m magmar
[31/12/2024 14:17:44] /m magmar
[31/12/2024 14:17:45] /m magmar
[31/12/2024 14:17:49] /m magmar
[31/12/2024 14:17:49] /m magmar
[31/12/2024 14:17:49] /m magmar
[31/12/2024 14:17:50] /m magmar
[31/12/2024 14:17:50] /m magmar
[31/12/2024 14:21:32] /i fire stone
[31/12/2024 14:24:31] /m magmar
[31/12/2024 14:24:31] /m magmar
[31/12/2024 14:24:32] /m magmar
[31/12/2024 14:24:32] /m magmar
[31/12/2024 14:24:32] /m magmar
[31/12/2024 14:24:36] /m magmar
[31/12/2024 14:24:36] /m magmar
[31/12/2024 14:24:36] /m magmar
[31/12/2024 14:24:37] /m magmar
[31/12/2024 14:24:37] /m magmar
[31/12/2024 14:24:42] /m magmar
[31/12/2024 14:24:42] /m magmar
[31/12/2024 14:24:42] /m magmar
[31/12/2024 14:24:43] /m magmar
[31/12/2024 14:24:43] /m magmar
[31/12/2024 14:24:43] /m magmar
[31/12/2024 14:24:50] /m magmar
[31/12/2024 14:24:50] /m magmar
[31/12/2024 14:24:50] /m magmar
[31/12/2024 14:24:51] /m magmar
[31/12/2024 14:24:51] /m magmar
[31/12/2024 14:24:51] /m magmar
[31/12/2024 14:29:25] /m magmar
[31/12/2024 14:29:26] /m magmar
[31/12/2024 14:29:27] /m magmar
[31/12/2024 14:29:27] /m magmar
[31/12/2024 14:29:27] /m magmar
[31/12/2024 14:29:28] /m magmar
[31/12/2024 14:29:28] /m magmar
[31/12/2024 14:29:28] /m magmar
[31/12/2024 14:38:57] /i walter stone
[31/12/2024 14:39:05] /i water stone
[31/12/2024 14:40:25] /m magmar
[31/12/2024 14:40:26] /m magmar
[31/12/2024 14:40:26] /m magmar
[31/12/2024 14:40:27] /m magmar
[31/12/2024 14:40:27] /m magmar
[31/12/2024 14:40:27] /m magmar
[31/12/2024 14:40:34] /m magmar
[31/12/2024 14:40:34] /m magmar
[31/12/2024 14:40:35] /m magmar
[31/12/2024 14:40:35] /m magmar
[31/12/2024 14:40:35] /m magmar
[31/12/2024 14:40:38] /m magmar
[31/12/2024 14:40:38] /m magmar
[31/12/2024 14:40:38] /m magmar
[31/12/2024 14:40:39] /m magmar
[31/12/2024 14:40:39] /m magmar
[31/12/2024 14:40:48] /m magmar
[31/12/2024 14:40:48] /m magmar
[31/12/2024 14:40:49] /m magmar
[31/12/2024 14:40:49] /m magmar
[31/12/2024 14:40:49] /m magmar
[31/12/2024 14:40:54] /m magmar
[31/12/2024 14:40:55] /m magmar
[31/12/2024 14:40:55] /m magmar
[31/12/2024 14:40:56] /m magmar
[31/12/2024 14:40:57] /m magmar
[31/12/2024 14:40:58] /m magmar
[31/12/2024 14:40:58] /m magmar
[31/12/2024 14:40:59] /m magmar
[31/12/2024 14:40:59] /m magmar
[31/12/2024 14:41:02] /m magmar
[31/12/2024 14:41:03] /m magmar
[31/12/2024 14:50:15] /c lucas
[31/12/2024 14:50:20] /m magmar
[31/12/2024 14:50:21] /m magmar
[31/12/2024 14:50:21] /m magmar
[31/12/2024 14:50:22] /m magmar
[31/12/2024 14:50:22] /m magmar
[31/12/2024 14:50:22] /m magmar
[31/12/2024 14:50:23] /m magmar
[31/12/2024 14:50:24] /m magmar
[31/12/2024 14:50:24] /m magmar
[31/12/2024 14:50:24] /m magmar
[31/12/2024 14:50:25] /m magmar
[31/12/2024 14:50:25] /m magmar
[31/12/2024 14:50:26] /m magmar
[31/12/2024 14:50:26] /m magmar
[31/12/2024 14:50:26] /m magmar
[31/12/2024 14:50:27] /m magmar
[31/12/2024 14:50:27] /m magmar
[31/12/2024 14:50:28] /m magmar
[31/12/2024 14:50:28] /m magmar
[31/12/2024 14:50:29] /m magmar
[31/12/2024 14:50:29] /m magmar
[31/12/2024 14:50:30] /m magmar
[31/12/2024 14:50:30] /m magmar
[31/12/2024 14:50:34] /ghost
[31/12/2024 14:50:35] /ghost
[31/12/2024 14:50:37] /ghost
[31/12/2024 14:50:37] /m magmar
[31/12/2024 14:50:38] /m magmar
[31/12/2024 14:50:38] /m magmar
[31/12/2024 14:50:38] /m magmar
[31/12/2024 15:07:40] /m dragonite
[31/12/2024 15:07:41] /m dragonite
[31/12/2024 15:07:41] /m dragonite
[31/12/2024 15:07:42] /m dragonite
[31/12/2024 15:07:43] /m dragonite
[31/12/2024 15:07:43] /m dragonite
[31/12/2024 15:07:44] /m dragonite
[31/12/2024 15:07:48] /m magmar
[31/12/2024 15:07:49] /m magmar
[31/12/2024 15:07:50] /m magmar
[31/12/2024 15:07:50] /m magmar
[31/12/2024 15:07:51] /m magmar
[31/12/2024 15:07:51] /m magmar
[31/12/2024 15:07:56] /m bastoise
[31/12/2024 15:08:02] /m blastoise
[31/12/2024 15:08:02] /m blastoise
[31/12/2024 15:08:03] /m blastoise
[31/12/2024 15:08:03] /m blastoise
[31/12/2024 15:08:04] /m blastoise
[31/12/2024 15:08:05] /m blastoise
[31/12/2024 15:19:30] /m blastoise
[31/12/2024 15:19:31] /m blastoise
[31/12/2024 15:19:32] /m blastoise
[31/12/2024 15:19:32] /m blastoise
[31/12/2024 15:19:32] /m blastoise
[31/12/2024 15:19:33] /m blastoise
[31/12/2024 15:19:33] /m blastoise
[31/12/2024 15:19:34] /m blastoise
[31/12/2024 15:19:35] /m blastoise
[31/12/2024 15:19:36] /m blastoise
[31/12/2024 15:19:42] /m arcanine
[31/12/2024 15:19:43] /m arcanine
[31/12/2024 15:19:43] /m arcanine
[31/12/2024 15:19:44] /m arcanine
[31/12/2024 15:19:44] /m arcanine
[31/12/2024 15:19:45] /m arcanine
[31/12/2024 15:19:45] /m arcanine
[31/12/2024 15:19:46] /m arcanine
[31/12/2024 15:19:52] /m ninetales
[31/12/2024 15:19:53] /m ninetales
[31/12/2024 15:19:54] /m ninetales
[31/12/2024 15:19:54] /m ninetales
[31/12/2024 15:19:55] /m ninetales
[31/12/2024 15:19:55] /m ninetales
[31/12/2024 15:20:01] /m rapidash
[31/12/2024 15:20:02] /m rapidash
[31/12/2024 15:20:02] /m rapidash
[31/12/2024 15:20:03] /m rapidash
[31/12/2024 15:20:04] /m rapidash
[31/12/2024 15:20:04] /m rapidash
[31/12/2024 15:30:43] /m blastoise
[31/12/2024 15:30:44] /m blastoise
[31/12/2024 15:30:44] /m blastoise
[31/12/2024 15:30:45] /m blastoise
[31/12/2024 15:30:45] /m blastoise
[31/12/2024 15:30:46] /m blastoise
[31/12/2024 15:30:46] /m blastoise
[31/12/2024 15:30:54] /m blastoise
[31/12/2024 15:30:54] /m blastoise
[31/12/2024 15:30:55] /m blastoise
[31/12/2024 15:30:55] /m blastoise
[31/12/2024 15:30:55] /m blastoise
[31/12/2024 15:30:56] /m blastoise
[31/12/2024 15:30:56] /m blastoise
[31/12/2024 15:30:56] /m blastoise
[31/12/2024 15:30:57] /m blastoise
[31/12/2024 15:30:57] /m blastoise
[31/12/2024 15:30:57] /m blastoise
[31/12/2024 15:30:58] /m blastoise
[31/12/2024 15:30:58] /m blastoise
[31/12/2024 15:30:58] /m blastoise
[31/12/2024 15:30:59] /m blastoise
[31/12/2024 15:30:59] /m blastoise
[31/12/2024 15:51:05] /m blastoise
[31/12/2024 15:51:06] /m blastoise
[31/12/2024 15:51:06] /m blastoise
[31/12/2024 15:51:07] /m blastoise
[31/12/2024 15:51:07] /m blastoise
[31/12/2024 15:51:08] /m blastoise
[31/12/2024 15:51:08] /m blastoise
[31/12/2024 15:51:10] /m blastoise
[31/12/2024 15:51:11] /m blastoise
[31/12/2024 15:51:11] /m blastoise
[31/12/2024 15:51:12] /m blastoise
[31/12/2024 15:51:12] /m blastoise
[31/12/2024 16:00:49] /m blastoise
[31/12/2024 16:00:49] /m blastoise
[31/12/2024 16:00:50] /m blastoise
[31/12/2024 16:00:50] /m blastoise
[31/12/2024 16:00:50] /m blastoise
[31/12/2024 16:00:51] /m blastoise
[31/12/2024 16:00:51] /m blastoise
[31/12/2024 16:00:52] /m blastoise
[31/12/2024 16:00:52] /m blastoise
[31/12/2024 16:00:52] /m blastoise
[31/12/2024 16:00:53] /m blastoise
[31/12/2024 16:02:30] /reload creaturescripts
[31/12/2024 16:02:31] /reload creaturescript
[31/12/2024 16:02:49] /reload creature
[31/12/2024 16:02:52] /reload creaturescript
[31/12/2024 16:08:00] /m blastoise
[31/12/2024 16:08:01] /m blastoise
[31/12/2024 16:08:01] /m blastoise
[31/12/2024 16:08:01] /m blastoise
[31/12/2024 16:08:02] /m blastoise
[31/12/2024 16:08:02] /m blastoise
[31/12/2024 16:08:02] /m blastoise
[31/12/2024 16:08:03] /m blastoise
[31/12/2024 16:08:03] /m blastoise
[31/12/2024 16:08:03] /m blastoise
[31/12/2024 16:09:05] /m blastoise
[31/12/2024 16:09:32] /m blastoise
[31/12/2024 16:09:55] /m blastoise
[31/12/2024 16:09:56] /m blastoise
[31/12/2024 16:10:30] /m blastoise
[31/12/2024 16:10:31] /m blastoise
[31/12/2024 16:11:11] /m blastoise
[31/12/2024 16:11:12] /m blastoise
[31/12/2024 16:11:12] /m blastoise
[31/12/2024 16:14:38] /reload npc
[31/12/2024 16:23:15] /reload talktions
[31/12/2024 16:23:18] /reload talcktions
[31/12/2024 16:23:30] /reload talkactions
[31/12/2024 16:27:25] /reload talkactions
[31/12/2024 16:31:38] /reload talkactions
[31/12/2024 16:33:17] /reload talkactions
[31/12/2024 16:34:54] /reload talkactions
[31/12/2024 16:35:09] /reload talkactions
[31/12/2024 16:36:45] /reload talkactions
[31/12/2024 16:37:47] /reload talkactions
[31/12/2024 16:39:28] /reload talkactions
[31/12/2024 16:41:16] /reload talkactions
[31/12/2024 16:43:19] /i 2160]
[31/12/2024 16:43:26] /i 12416
[31/12/2024 16:44:46] /reload actions
[31/12/2024 16:45:28] /i 15128, 500
[31/12/2024 16:45:33] /i 15128, 500
[31/12/2024 16:45:38] /i 15128, 500
[31/12/2024 16:45:40] /i 15128, 500
[31/12/2024 16:45:42] /i 15128, 500
[31/12/2024 16:45:46] /i 15128, 500
[31/12/2024 16:45:47] /i 15128, 500
[31/12/2024 16:45:47] /i 15128, 500
[31/12/2024 16:45:48] /i 15128, 500
[31/12/2024 16:45:48] /i 15128, 500
[31/12/2024 16:45:48] /i 15128, 500
[31/12/2024 16:45:49] /i 15128, 500
[31/12/2024 16:47:36] /reload talkactions
[31/12/2024 16:51:10] /reload actions
[31/12/2024 16:53:04] /reload actions
[31/12/2024 16:53:28] /reload actions
[31/12/2024 16:54:12] /reload actions
[31/12/2024 16:54:13] /reload talkactions
[31/12/2024 16:58:09] /reload talkactions
[31/12/2024 17:02:45] /reload talkactions
[31/12/2024 17:03:07] /reload talkactions
[31/12/2024 17:13:29] /reload talkactions
[31/12/2024 17:13:43] /clean
[31/12/2024 17:14:28] /reload talkactions
[31/12/2024 17:21:12] /reload talkactions
[31/12/2024 17:28:24] /reload talkactions
[31/12/2024 17:31:35] /reload talkactions
[31/12/2024 17:36:29] /reload talkactions
[31/12/2024 17:37:07] /reload talkactions
[31/12/2024 17:54:41] /reload talkactions
[31/12/2024 17:56:00] /reload talkactions
[31/12/2024 17:57:26] /reload talkactions
[31/12/2024 18:01:08] /reload talkactions
[31/12/2024 18:01:53] /reload talkactions
[31/12/2024 18:02:23] /reload talkactions
[31/12/2024 18:05:02] /reload talkactions
[31/12/2024 18:07:11] /reload talkactions
[31/12/2024 18:09:34] /reload talkactions
[31/12/2024 18:12:13] /reload talkactions
[31/12/2024 18:13:19] /reload talkactions
[31/12/2024 18:14:19] /reload talkactions
[31/12/2024 18:15:39] /reload talkactions
[31/12/2024 18:24:36] /m vileplume
[31/12/2024 18:24:37] /m vileplume
[31/12/2024 18:24:37] /m vileplume
[31/12/2024 18:24:37] /m vileplume
[31/12/2024 18:24:38] /m vileplume
[31/12/2024 18:24:38] /m vileplume
[31/12/2024 18:24:38] /m vileplume
[31/12/2024 18:24:39] /m vileplume
[31/12/2024 18:24:39] /m vileplume
[31/12/2024 18:29:13] /a 2
[31/12/2024 18:29:21] /goto lucas
[31/12/2024 18:29:28] /m vileplume
[31/12/2024 18:29:28] /m vileplume
[31/12/2024 18:29:29] /m vileplume
[31/12/2024 18:29:29] /m vileplume
[31/12/2024 18:29:29] /m vileplume
[31/12/2024 18:29:30] /m vileplume
[31/12/2024 18:29:30] /m vileplume
[31/12/2024 19:30:31] /m vileplume
[31/12/2024 19:30:31] /m vileplume
[31/12/2024 19:30:32] /m vileplume
[31/12/2024 19:30:32] /m vileplume
[31/12/2024 19:30:33] /m vileplume
[31/12/2024 19:30:34] /m vileplume
[31/12/2024 19:30:35] /m vileplume
[31/12/2024 19:30:35] /m vileplume
[31/12/2024 19:37:41] /m vileplume
[31/12/2024 19:37:42] /m vileplume
[31/12/2024 19:37:42] /m vileplume
[31/12/2024 19:37:42] /m vileplume
[31/12/2024 19:37:43] /m vileplume
[31/12/2024 19:37:43] /m vileplume
[31/12/2024 19:37:44] /m vileplume
[31/12/2024 19:37:44] /m vileplume
[31/12/2024 19:56:21] /t
[31/12/2024 20:04:19] /reload talkactions
[31/12/2024 20:04:55] /reload talkactions
[31/12/2024 20:05:14] /reload talkactions
[31/12/2024 20:05:17] /reload talkactions
[31/12/2024 20:16:21] /m vileplume
[31/12/2024 20:16:22] /m vileplume
[31/12/2024 20:16:23] /m vileplume
[31/12/2024 20:16:23] /m vileplume
[31/12/2024 20:16:23] /m vileplume
[31/12/2024 20:25:09] /m vileplume
[31/12/2024 20:25:11] /m vileplume
[31/12/2024 20:26:33] /r
[31/12/2024 20:26:35] /r
[31/12/2024 20:27:49] /m vileplume
[31/12/2024 21:03:38] /a 2
[31/12/2024 21:03:47] /m rattata
[31/12/2024 21:04:36] /m vileplume
[31/12/2024 21:04:37] /m vileplume
[31/12/2024 21:04:38] /m vileplume
[31/12/2024 21:04:38] /m vileplume
[31/12/2024 21:04:38] /m vileplume
[31/12/2024 21:05:43] /i pokeball
[31/12/2024 21:05:53] /i ultraball
[31/12/2024 21:07:03] /i rattata
[31/12/2024 21:07:39] /m vileplume
[31/12/2024 21:07:40] /m vileplume]
[31/12/2024 21:07:42] /m vileplume
[31/12/2024 21:07:42] /m vileplume
[31/12/2024 21:07:43] /m vileplume
[31/12/2024 21:47:57] /m vileplume
[31/12/2024 21:47:58] /m vileplume
[31/12/2024 21:49:00] /m vileplume
[31/12/2024 21:49:00] /m vileplume
[31/12/2024 21:49:01] /m vileplume
[31/12/2024 21:49:01] /m vileplume
[31/12/2024 22:08:17] /i 2395
[01/01/2025 11:45:11] /m raticate
[01/01/2025 12:01:20] /m raticate
[01/01/2025 12:02:39] /m raticate
[01/01/2025 12:03:56] /m magmar
[01/01/2025 12:23:37] /m magmar
[01/01/2025 12:39:06] /i pokebag
[01/01/2025 12:39:09] /i poke bag
[01/01/2025 12:39:46] /i 1991
[01/01/2025 12:58:58] /i 15720
[01/01/2025 12:59:13] /a 5
[01/01/2025 12:59:45] /i 19804
[01/01/2025 13:00:15] /i Bubasaur
[01/01/2025 13:00:19] /m Bubasaur
[01/01/2025 13:00:23] /m Bulbasaur
[01/01/2025 13:54:39] /m magmar]
[01/01/2025 13:54:41] /m magmar]
[01/01/2025 13:54:53] /m magmar
[01/01/2025 13:54:57] /m magmar
[01/01/2025 13:54:58] /m magmar
[01/01/2025 13:54:58] /m magmar
[01/01/2025 13:54:58] /m magmar
[01/01/2025 13:54:59] /m magmar
[01/01/2025 13:54:59] /m magmar
[01/01/2025 13:55:00] /m magmar
[01/01/2025 13:55:00] /m magmar
[01/01/2025 14:38:26] /addskill luquiinhas,level, 2
[01/01/2025 14:48:15] /addskill luquiinhas,level,2
[01/01/2025 15:31:05] /i label
[01/01/2025 15:31:10] /i parcel
[01/01/2025 15:31:48] /i mail
[01/01/2025 15:32:08] /i 2334
[01/01/2025 15:32:46] /r
[01/01/2025 15:32:48] /r
[01/01/2025 15:32:50] /r
[01/01/2025 15:32:53] /r
[03/01/2025 16:45:28] /i 2580
[03/01/2025 16:45:57] /down
[03/01/2025 16:46:00] /a 7
[03/01/2025 16:47:47] /i 10223
[04/01/2025 20:47:22] /c lucas
[04/01/2025 20:47:25] /c lucas
[04/01/2025 20:47:35] /m seel
