[01/05/2025 13:20:30] Pokemon Dash Advanced, version 0.3.6 (PDA)
[01/05/2025 13:20:30] Compiled with GNU C++ version 4.4.0 at Jan  1 2025, 15:31:04.
[01/05/2025 13:20:30] A server developed by Elf, slawkens, Talaturen, KaczooH, Lithium, Kiper, Kornholijo.
[01/05/2025 13:20:30] Visit our forum for updates, support and resources: http://otland.net.
[01/05/2025 13:20:30] 
[01/05/2025 13:20:30] >> Loading config (config.lua)
[01/05/2025 13:20:30] > Using SHA1 encryption
[01/05/2025 13:20:30] >> Loading RSA key
[01/05/2025 13:20:30] >> Starting SQL connection
[01/05/2025 13:20:32] Failed connecting to database - MYSQL ERROR: Can't connect to MySQL server on 'localhost' (10061) (2003)
[01/05/2025 13:20:32] 
[01/05/2025 13:20:32] > ERROR: Couldn't estabilish connection to SQL database!
[01/05/2025 15:39:16] Pokemon Dash Advanced, version 0.3.6 (PDA)
[01/05/2025 15:39:16] Compiled with GNU C++ version 4.4.0 at Jan  1 2025, 15:31:04.
[01/05/2025 15:39:16] A server developed by Elf, slawkens, Talaturen, KaczooH, Lithium, Kiper, Kornholijo.
[01/05/2025 15:39:16] Visit our forum for updates, support and resources: http://otland.net.
[01/05/2025 15:39:16] 
[01/05/2025 15:39:16] >> Loading config (config.lua)
[01/05/2025 15:39:16] > Using SHA1 encryption
[01/05/2025 15:39:16] >> Loading RSA key
[01/05/2025 15:39:16] >> Starting SQL connection
[01/05/2025 15:39:18] Failed connecting to database - MYSQL ERROR: Can't connect to MySQL server on 'localhost' (10061) (2003)
[01/05/2025 15:39:18] 
[01/05/2025 15:39:18] > ERROR: Couldn't estabilish connection to SQL database!
