[16/05/2025 17:16:59] Pokemon Dash Advanced, version 0.3.6 (PDA)
[16/05/2025 17:16:59] Compiled with GNU C++ version 4.4.0 at Jan  1 2025, 15:31:04.
[16/05/2025 17:16:59] A server developed by Elf, slawkens, Talaturen, KaczooH, Lithium, Kiper, Kornholijo.
[16/05/2025 17:16:59] Visit our forum for updates, support and resources: http://otland.net.
[16/05/2025 17:16:59] 
[16/05/2025 17:16:59] >> Loading config (config.lua)
[16/05/2025 17:16:59] > Using SHA1 encryption
[16/05/2025 17:16:59] >> Loading RSA key
[16/05/2025 17:16:59] >> Starting SQL connection
[16/05/2025 17:17:01] Failed connecting to database - MYSQL ERROR: Can't connect to MySQL server on 'localhost' (10061) (2003)
[16/05/2025 17:17:01] 
[16/05/2025 17:17:01] > ERROR: Couldn't estabilish connection to SQL database!
[16/05/2025 20:18:06] Pokemon Dash Advanced, version 0.3.6 (PDA)
[16/05/2025 20:18:06] Compiled with GNU C++ version 4.4.0 at Jan  1 2025, 15:31:04.
[16/05/2025 20:18:06] A server developed by Elf, slawkens, Talaturen, KaczooH, Lithium, Kiper, Kornholijo.
[16/05/2025 20:18:06] Visit our forum for updates, support and resources: http://otland.net.
[16/05/2025 20:18:06] 
[16/05/2025 20:18:06] >> Loading config (config.lua)
[16/05/2025 20:18:06] > Using SHA1 encryption
[16/05/2025 20:18:06] >> Loading RSA key
[16/05/2025 20:18:06] >> Starting SQL connection
[16/05/2025 20:18:08] Failed connecting to database - MYSQL ERROR: Can't connect to MySQL server on 'localhost' (10061) (2003)
[16/05/2025 20:18:08] 
[16/05/2025 20:18:08] > ERROR: Couldn't estabilish connection to SQL database!
