[18/04/2025 11:46:59] Pokemon Dash Advanced, version 0.3.6 (PDA)
[18/04/2025 11:46:59] Compiled with GNU C++ version 4.4.0 at Jan  1 2025, 15:31:04.
[18/04/2025 11:46:59] A server developed by Elf, slawkens, Talaturen, KaczooH, Lithium, Kiper, Kornholijo.
[18/04/2025 11:46:59] Visit our forum for updates, support and resources: http://otland.net.
[18/04/2025 11:46:59] 
[18/04/2025 11:46:59] >> Loading config (config.lua)
[18/04/2025 11:46:59] > Using SHA1 encryption
[18/04/2025 11:46:59] >> Loading RSA key
[18/04/2025 11:46:59] >> Starting SQL connection
[18/04/2025 11:47:01] Failed connecting to database - MYSQL ERROR: Can't connect to MySQL server on 'localhost' (10061) (2003)
[18/04/2025 11:47:01] 
[18/04/2025 11:47:01] > ERROR: Couldn't estabilish connection to SQL database!
[18/04/2025 16:34:40] Pokemon Dash Advanced, version 0.3.6 (PDA)
[18/04/2025 16:34:40] Compiled with GNU C++ version 4.4.0 at Jan  1 2025, 15:31:04.
[18/04/2025 16:34:40] A server developed by Elf, slawkens, Talaturen, KaczooH, Lithium, Kiper, Kornholijo.
[18/04/2025 16:34:40] Visit our forum for updates, support and resources: http://otland.net.
[18/04/2025 16:34:40] 
[18/04/2025 16:34:40] >> Loading config (config.lua)
[18/04/2025 16:34:40] > Using SHA1 encryption
[18/04/2025 16:34:40] >> Loading RSA key
[18/04/2025 16:34:40] >> Starting SQL connection
[18/04/2025 16:34:42] Failed connecting to database - MYSQL ERROR: Can't connect to MySQL server on 'localhost' (10061) (2003)
[18/04/2025 16:34:42] 
[18/04/2025 16:34:42] > ERROR: Couldn't estabilish connection to SQL database!
