[20/04/2025 00:25:28] Pokemon Dash Advanced, version 0.3.6 (PDA)
[20/04/2025 00:25:28] Compiled with GNU C++ version 4.4.0 at Jan  1 2025, 15:31:04.
[20/04/2025 00:25:28] A server developed by Elf, slawkens, Talaturen, KaczooH, Lithium, Kiper, Kornholijo.
[20/04/2025 00:25:28] Visit our forum for updates, support and resources: http://otland.net.
[20/04/2025 00:25:28] 
[20/04/2025 00:25:28] >> Loading config (config.lua)
[20/04/2025 00:25:28] > Using SHA1 encryption
[20/04/2025 00:25:28] >> Loading RSA key
[20/04/2025 00:25:28] >> Starting SQL connection
[20/04/2025 00:25:30] Failed connecting to database - MYSQL ERROR: Can't connect to MySQL server on 'localhost' (10061) (2003)
[20/04/2025 00:25:30] 
[20/04/2025 00:25:30] > ERROR: Couldn't estabilish connection to SQL database!
[20/04/2025 18:58:16] Pokemon Dash Advanced, version 0.3.6 (PDA)
[20/04/2025 18:58:16] Compiled with GNU C++ version 4.4.0 at Jan  1 2025, 15:31:04.
[20/04/2025 18:58:16] A server developed by Elf, slawkens, Talaturen, KaczooH, Lithium, Kiper, Kornholijo.
[20/04/2025 18:58:16] Visit our forum for updates, support and resources: http://otland.net.
[20/04/2025 18:58:16] 
[20/04/2025 18:58:16] >> Loading config (config.lua)
[20/04/2025 18:58:16] > Using SHA1 encryption
[20/04/2025 18:58:16] >> Loading RSA key
[20/04/2025 18:58:16] >> Starting SQL connection
[20/04/2025 18:58:18] Failed connecting to database - MYSQL ERROR: Can't connect to MySQL server on 'localhost' (10061) (2003)
[20/04/2025 18:58:18] 
[20/04/2025 18:58:18] > ERROR: Couldn't estabilish connection to SQL database!
[20/04/2025 20:10:49] Pokemon Dash Advanced, version 0.3.6 (PDA)
[20/04/2025 20:10:49] Compiled with GNU C++ version 4.4.0 at Jan  1 2025, 15:31:04.
[20/04/2025 20:10:49] A server developed by Elf, slawkens, Talaturen, KaczooH, Lithium, Kiper, Kornholijo.
[20/04/2025 20:10:49] Visit our forum for updates, support and resources: http://otland.net.
[20/04/2025 20:10:49] 
[20/04/2025 20:10:49] >> Loading config (config.lua)
[20/04/2025 20:10:49] > Using SHA1 encryption
[20/04/2025 20:10:49] >> Loading RSA key
[20/04/2025 20:10:49] >> Starting SQL connection
[20/04/2025 20:10:52] Failed connecting to database - MYSQL ERROR: Can't connect to MySQL server on 'localhost' (10061) (2003)
[20/04/2025 20:10:52] 
[20/04/2025 20:10:52] > ERROR: Couldn't estabilish connection to SQL database!
[20/04/2025 20:11:00] Pokemon Dash Advanced, version 0.3.6 (PDA)
[20/04/2025 20:11:00] Compiled with GNU C++ version 4.4.0 at Jan  1 2025, 15:31:04.
[20/04/2025 20:11:00] A server developed by Elf, slawkens, Talaturen, KaczooH, Lithium, Kiper, Kornholijo.
[20/04/2025 20:11:00] Visit our forum for updates, support and resources: http://otland.net.
[20/04/2025 20:11:00] 
[20/04/2025 20:11:00] >> Loading config (config.lua)
[20/04/2025 20:11:00] > Using SHA1 encryption
[20/04/2025 20:11:00] >> Loading RSA key
[20/04/2025 20:11:00] >> Starting SQL connection
[20/04/2025 20:11:02] Failed connecting to database - MYSQL ERROR: Can't connect to MySQL server on 'localhost' (10061) (2003)
[20/04/2025 20:11:02] 
[20/04/2025 20:11:02] > ERROR: Couldn't estabilish connection to SQL database!
[20/04/2025 22:11:00] Pokemon Dash Advanced, version 0.3.6 (PDA)
[20/04/2025 22:11:00] Compiled with GNU C++ version 4.4.0 at Jan  1 2025, 15:31:04.
[20/04/2025 22:11:00] A server developed by Elf, slawkens, Talaturen, KaczooH, Lithium, Kiper, Kornholijo.
[20/04/2025 22:11:00] Visit our forum for updates, support and resources: http://otland.net.
[20/04/2025 22:11:00] 
[20/04/2025 22:11:00] >> Loading config (config.lua)
[20/04/2025 22:11:00] > Using SHA1 encryption
[20/04/2025 22:11:00] >> Loading RSA key
[20/04/2025 22:11:00] >> Starting SQL connection
[20/04/2025 22:11:02] Failed connecting to database - MYSQL ERROR: Can't connect to MySQL server on 'localhost' (10061) (2003)
[20/04/2025 22:11:02] 
[20/04/2025 22:11:02] > ERROR: Couldn't estabilish connection to SQL database!
[20/04/2025 23:28:24] Pokemon Dash Advanced, version 0.3.6 (PDA)
[20/04/2025 23:28:24] Compiled with GNU C++ version 4.4.0 at Jan  1 2025, 15:31:04.
[20/04/2025 23:28:24] A server developed by Elf, slawkens, Talaturen, KaczooH, Lithium, Kiper, Kornholijo.
[20/04/2025 23:28:24] Visit our forum for updates, support and resources: http://otland.net.
[20/04/2025 23:28:24] 
[20/04/2025 23:28:24] >> Loading config (config.lua)
[20/04/2025 23:28:24] > Using SHA1 encryption
[20/04/2025 23:28:24] >> Loading RSA key
[20/04/2025 23:28:24] >> Starting SQL connection
[20/04/2025 23:28:26] Failed connecting to database - MYSQL ERROR: Can't connect to MySQL server on 'localhost' (10061) (2003)
[20/04/2025 23:28:26] 
[20/04/2025 23:28:26] > ERROR: Couldn't estabilish connection to SQL database!
