[25/05/2025 15:53:05] Pokemon Dash Advanced, version 0.3.6 (PDA)
[25/05/2025 15:53:05] Compiled with GNU C++ version 4.4.0 at Jan  1 2025, 15:31:04.
[25/05/2025 15:53:05] A server developed by Elf, slawkens, Talaturen, KaczooH, Lithium, Kiper, Kornholijo.
[25/05/2025 15:53:05] Visit our forum for updates, support and resources: http://otland.net.
[25/05/2025 15:53:05] 
[25/05/2025 15:53:05] >> Loading config (config.lua)
[25/05/2025 15:53:05] > Using SHA1 encryption
[25/05/2025 15:53:05] >> Loading RSA key
[25/05/2025 15:53:05] >> Starting SQL connection
[25/05/2025 15:53:07] Failed connecting to database - MYSQL ERROR: Can't connect to MySQL server on 'localhost' (10061) (2003)
[25/05/2025 15:53:07] 
[25/05/2025 15:53:07] > ERROR: Couldn't estabilish connection to SQL database!
[25/05/2025 22:04:59] Pokemon Dash Advanced, version 0.3.6 (PDA)
[25/05/2025 22:04:59] Compiled with GNU C++ version 4.4.0 at Jan  1 2025, 15:31:04.
[25/05/2025 22:04:59] A server developed by Elf, slawkens, Talaturen, KaczooH, Lithium, Kiper, Kornholijo.
[25/05/2025 22:04:59] Visit our forum for updates, support and resources: http://otland.net.
[25/05/2025 22:04:59] 
[25/05/2025 22:04:59] >> Loading config (config.lua)
[25/05/2025 22:04:59] > Using SHA1 encryption
[25/05/2025 22:04:59] >> Loading RSA key
[25/05/2025 22:04:59] >> Starting SQL connection
[25/05/2025 22:05:01] Failed connecting to database - MYSQL ERROR: Can't connect to MySQL server on 'localhost' (10061) (2003)
[25/05/2025 22:05:01] 
[25/05/2025 22:05:01] > ERROR: Couldn't estabilish connection to SQL database!
